make all --print-data-base --no-builtin-variables --no-builtin-rules --question
# GNU Make 4.2.1
# Built for x86_64-pc-linux-gnu
# Copyright (C) 1988-2016 Free Software Foundation, Inc.
# License GPLv3+: GNU GPL version 3 or later <http://gnu.org/licenses/gpl.html>
# This is free software: you are free to change and redistribute it.
# There is NO WARRANTY, to the extent permitted by law.

# Make data base, printed on Wed May 11 16:23:04 2022

# Variables

# automatic
<D = $(patsubst %/,%,$(dir $<))
# automatic
?F = $(notdir $?)
# environment
PAPERSIZE = a4
# default
.SHELLFLAGS := -c
# environment
XDG_SESSION_CLASS = user
# environment
VSCODE_AGENT_FOLDER = /home/bcct/.vscode-server
# environment
XDG_SESSION_TYPE = tty
# environment
VSCODE_LOG_NATIVE = false
# automatic
?D = $(patsubst %/,%,$(dir $?))
# automatic
@D = $(patsubst %/,%,$(dir $@))
# automatic
@F = $(notdir $@)
# default
MAKE_VERSION := 4.2.1
# makefile
CURDIR := /home/bcct/code/Test/SimPascal
# makefile (from 'Makefile', line 39)
SHELL = /bin/sh
# makefile (from 'Makefile', line 45)
RM = /usr/bin/cmake -E remove -f
# environment
VSCODE_NLS_CONFIG = {"locale":"zh-cn","availableLanguages":{"*":"zh-cn"},"_languagePackId":"a78078f10f99ab7adc9063c14c25e7ae.zh-cn","_translationsConfigFile":"/home/bcct/.vscode-server/data/clp/a78078f10f99ab7adc9063c14c25e7ae.zh-cn/tcf.json","_cacheRoot":"/home/bcct/.vscode-server/data/clp/a78078f10f99ab7adc9063c14c25e7ae.zh-cn","_resolvedLanguagePackCoreLocation":"/home/bcct/.vscode-server/data/clp/a78078f10f99ab7adc9063c14c25e7ae.zh-cn/da15b6fd3ef856477bf6f4fb29ba1b7af717770d","_corruptedFile":"/home/bcct/.vscode-server/data/clp/a78078f10f99ab7adc9063c14c25e7ae.zh-cn/corrupted.info","_languagePackSupport":true}
# environment
_ = /home/bcct/.vscode-server/bin/da15b6fd3ef856477bf6f4fb29ba1b7af717770d/node
# makefile (from 'Makefile', line 54)
CMAKE_BINARY_DIR = /home/bcct/code/Test/SimPascal
# makefile (from 'Makefile', line 1)
MAKEFILE_LIST :=  Makefile
# 'override' directive
GNUMAKEFLAGS := 
# environment
MAKELEVEL := 0
# environment
DBUS_SESSION_BUS_ADDRESS = unix:path=/run/user/1000/bus
# environment
VSCODE_VERBOSE_LOGGING = true
# environment
LC_NAME = zh_CN.UTF-8
# environment
VSCODE_CWD = /home/bcct
# environment
SSH_CONNECTION = 192.168.85.1 5702 192.168.85.128 22
# environment
PATH = /home/bcct/.vscode-server/bin/da15b6fd3ef856477bf6f4fb29ba1b7af717770d/bin/remote-cli:/usr/local/sbin:/usr/local/bin:/usr/sbin:/usr/bin:/sbin:/bin:/usr/games:/usr/local/games:/snap/bin
# environment
LSCOLORS = Gxfxcxdxbxegedabagacad
# environment
XDG_RUNTIME_DIR = /run/user/1000
# environment
VSCODE_LOG_STACK = false
# environment
LC_NUMERIC = zh_CN.UTF-8
# environment
VSCODE_IPC_HOOK_CLI = /run/user/1000/vscode-ipc-b3c61074-1546-422c-b020-8e5cf29dd027.sock
# default
.FEATURES := target-specific order-only second-expansion else-if shortest-stem undefine oneshell archives jobserver output-sync check-symlink load
# environment
LS_COLORS = 
# automatic
%F = $(notdir $%)
# environment
VSCODE_PIPE_LOGGING = true
# environment
PWD = /home/bcct/code/Test/SimPascal
# default
.LOADED := 
# automatic
*D = $(patsubst %/,%,$(dir $*))
# environment
VSCODE_AMD_ENTRYPOINT = vs/workbench/api/node/extensionHostProcess
# environment
HOME = /home/bcct
# environment
LOGNAME = bcct
# environment
APPLICATION_INSIGHTS_NO_DIAGNOSTIC_CHANNEL = 1
# makefile (from 'Makefile', line 48)
EQUALS = =
# automatic
+F = $(notdir $+)
# environment
ZSH = /home/bcct/.oh-my-zsh
# environment
VSCODE_HANDLES_UNCAUGHT_ERRORS = true
# automatic
^D = $(patsubst %/,%,$(dir $^))
# environment
LC_TIME = zh_CN.UTF-8
# default
MAKE = $(MAKE_COMMAND)
# default
MAKECMDGOALS := all
# environment
SHLVL = 0
# environment
XDG_SESSION_ID = 19
# environment
USER = bcct
# environment
LC_MONETARY = zh_CN.UTF-8
# makefile
.DEFAULT_GOAL := default_target
# makefile (from 'Makefile', line 51)
CMAKE_SOURCE_DIR = /home/bcct/code/Test/SimPascal
# environment
LESS = -R
# automatic
%D = $(patsubst %/,%,$(dir $%))
# environment
LC_TELEPHONE = zh_CN.UTF-8
# default
MAKE_COMMAND := make
# environment
OLDPWD = /home/bcct
# default
.VARIABLES := 
# automatic
*F = $(notdir $*)
# environment
LANGUAGE = zh_CN:en
# makefile
MAKEFLAGS = pqrRs
# environment
MFLAGS = -pqrRs
# environment
SSH_CLIENT = 192.168.85.1 5702 22
# automatic
+D = $(patsubst %/,%,$(dir $+))
# environment
BROWSER = /home/bcct/.vscode-server/bin/da15b6fd3ef856477bf6f4fb29ba1b7af717770d/bin/helpers/browser.sh
# environment
VSCODE_HANDLES_SIGPIPE = true
# default
MAKEFILES := 
# automatic
<F = $(notdir $<)
# automatic
^F = $(notdir $^)
# environment
LC_MEASUREMENT = zh_CN.UTF-8
# environment
PAGER = less
# environment
LC_ALL = C
# makefile (from 'Makefile', line 42)
CMAKE_COMMAND = /usr/bin/cmake
# environment
LC_PAPER = zh_CN.UTF-8
# makefile (from 'Makefile', line 21)
SUFFIXES = 
# default
.INCLUDE_DIRS = /usr/include /usr/local/include /usr/include
# environment
LC_IDENTIFICATION = zh_CN.UTF-8
# default
.RECIPEPREFIX := 
# environment
LC_ADDRESS = zh_CN.UTF-8
# default
MAKE_HOST := x86_64-pc-linux-gnu
# environment
LANG = C
# environment
VSCODE_EXTHOST_WILL_SEND_SOCKET = true
# environment
MOTD_SHOWN = pam
# variable set hash-table stats:
# Load=88/1024=9%, Rehash=0, Collisions=15/122=12%

# Pattern-specific Variable Values

# No pattern-specific variable values.

# Directories

# . (device 2053, inode 1974576): 25 files, no impossibilities.

# 25 files, no impossibilities in 1 directories.

# Implicit Rules

%.hpux_make_needs_suffix_list:

# 1 implicit rules, 0 (0.0%) terminal.

# Files

cmake_force:
#  Phony target (prerequisite of .PHONY).
#  Implicit rule search has not been done.
#  File does not exist.
#  File has not been updated.

token.cpp.i:
#  Phony target (prerequisite of .PHONY).
#  Implicit rule search has not been done.
#  File does not exist.
#  File has not been updated.
#  recipe to execute (from 'Makefile', line 505):
	$(MAKE) -f CMakeFiles/SimPascal.dir/build.make CMakeFiles/SimPascal.dir/token.cpp.i

token.cpp.o:
#  Phony target (prerequisite of .PHONY).
#  Implicit rule search has not been done.
#  File does not exist.
#  File has not been updated.
#  recipe to execute (from 'Makefile', line 496):
	$(MAKE) -f CMakeFiles/SimPascal.dir/build.make CMakeFiles/SimPascal.dir/token.cpp.o

intrinsics_gen/fast:
#  Phony target (prerequisite of .PHONY).
#  Implicit rule search has not been done.
#  File does not exist.
#  File has not been updated.
#  recipe to execute (from 'Makefile', line 136):
	$(MAKE) -f CMakeFiles/intrinsics_gen.dir/build.make CMakeFiles/intrinsics_gen.dir/build

VIS/NodeVis.s: VIS/NodeVis.cpp.s
#  Phony target (prerequisite of .PHONY).
#  Implicit rule search has not been done.
#  File does not exist.
#  File has not been updated.

VIS/StmtVis.cpp.s:
#  Phony target (prerequisite of .PHONY).
#  Implicit rule search has not been done.
#  File does not exist.
#  File has not been updated.
#  recipe to execute (from 'Makefile', line 244):
	$(MAKE) -f CMakeFiles/SimPascal.dir/build.make CMakeFiles/SimPascal.dir/VIS/StmtVis.cpp.s

edit_cache:
#  Phony target (prerequisite of .PHONY).
#  Implicit rule search has not been done.
#  File does not exist.
#  File has not been updated.
#  recipe to execute (from 'Makefile', line 72):
	@$(CMAKE_COMMAND) -E cmake_echo_color --switch=$(COLOR) --cyan "No interactive CMake dialog available..."
	/usr/bin/cmake -E echo No\ interactive\ CMake\ dialog\ available.

VIS/TypeVis.cpp.s:
#  Phony target (prerequisite of .PHONY).
#  Implicit rule search has not been done.
#  File does not exist.
#  File has not been updated.
#  recipe to execute (from 'Makefile', line 271):
	$(MAKE) -f CMakeFiles/SimPascal.dir/build.make CMakeFiles/SimPascal.dir/VIS/TypeVis.cpp.s

VIS/ProgramVis.cpp.s:
#  Phony target (prerequisite of .PHONY).
#  Implicit rule search has not been done.
#  File does not exist.
#  File has not been updated.
#  recipe to execute (from 'Makefile', line 217):
	$(MAKE) -f CMakeFiles/SimPascal.dir/build.make CMakeFiles/SimPascal.dir/VIS/ProgramVis.cpp.s

all: cmake_check_build_system
#  Phony target (prerequisite of .PHONY).
#  Command line target.
 
#  Implicit rule search has not been done.
#  File does not exist.
#  File has been updated.
#  Needs to be updated (-q is set).
# variable set hash-table stats:
# Load=0/32=0%, Rehash=0, Collisions=0/6=0%
#  recipe to execute (from 'Makefile', line 83):
	$(CMAKE_COMMAND) -E cmake_progress_start /home/bcct/code/Test/SimPascal/CMakeFiles /home/bcct/code/Test/SimPascal/CMakeFiles/progress.marks
	$(MAKE) -f CMakeFiles/Makefile2 all
	$(CMAKE_COMMAND) -E cmake_progress_start /home/bcct/code/Test/SimPascal/CMakeFiles 0

VIS/StmtVis.i: VIS/StmtVis.cpp.i
#  Phony target (prerequisite of .PHONY).
#  Implicit rule search has not been done.
#  File does not exist.
#  File has not been updated.

VIS/StmtVis.o: VIS/StmtVis.cpp.o
#  Phony target (prerequisite of .PHONY).
#  Implicit rule search has not been done.
#  File does not exist.
#  File has not been updated.

.PHONY: default_target cmake_force rebuild_cache rebuild_cache/fast edit_cache edit_cache/fast all clean clean/fast preinstall preinstall/fast depend SimPascal SimPascal/fast intrinsics_gen intrinsics_gen/fast VIS/ConstVis.o VIS/ConstVis.cpp.o VIS/ConstVis.i VIS/ConstVis.cpp.i VIS/ConstVis.s VIS/ConstVis.cpp.s VIS/NodeVis.o VIS/NodeVis.cpp.o VIS/NodeVis.i VIS/NodeVis.cpp.i VIS/NodeVis.s VIS/NodeVis.cpp.s VIS/ProgramVis.o VIS/ProgramVis.cpp.o VIS/ProgramVis.i VIS/ProgramVis.cpp.i VIS/ProgramVis.s VIS/ProgramVis.cpp.s VIS/StmtVis.o VIS/StmtVis.cpp.o VIS/StmtVis.i VIS/StmtVis.cpp.i VIS/StmtVis.s VIS/StmtVis.cpp.s VIS/TypeVis.o VIS/TypeVis.cpp.o VIS/TypeVis.i VIS/TypeVis.cpp.i VIS/TypeVis.s VIS/TypeVis.cpp.s generator/CodeGenerator.o generator/CodeGenerator.cpp.o generator/CodeGenerator.i generator/CodeGenerator.cpp.i generator/CodeGenerator.s generator/CodeGenerator.cpp.s generator/genConstType.o generator/genConstType.cpp.o generator/genConstType.i generator/genConstType.cpp.i generator/genConstType.s generator/genConstType.cpp.s generator/genExp.o generator/genExp.cpp.o generator/genExp.i generator/genExp.cpp.i generator/genExp.s generator/genExp.cpp.s generator/genFunc.o generator/genFunc.cpp.o generator/genFunc.i generator/genFunc.cpp.i generator/genFunc.s generator/genFunc.cpp.s generator/genProgram.o generator/genProgram.cpp.o generator/genProgram.i generator/genProgram.cpp.i generator/genProgram.s generator/genProgram.cpp.s generator/genStmt.o generator/genStmt.cpp.o generator/genStmt.i generator/genStmt.cpp.i generator/genStmt.s generator/genStmt.cpp.s main.o main.cpp.o main.i main.cpp.i main.s main.cpp.s parser.o parser.cpp.o parser.i parser.cpp.i parser.s parser.cpp.s token.o token.cpp.o token.i token.cpp.i token.s token.cpp.s help cmake_check_build_system
#  Implicit rule search has not been done.
#  Modification time never checked.
#  File has not been updated.

VIS/ConstVis.s: VIS/ConstVis.cpp.s
#  Phony target (prerequisite of .PHONY).
#  Implicit rule search has not been done.
#  File does not exist.
#  File has not been updated.

VIS/TypeVis.o: VIS/TypeVis.cpp.o
#  Phony target (prerequisite of .PHONY).
#  Implicit rule search has not been done.
#  File does not exist.
#  File has not been updated.

parser.cpp.i:
#  Phony target (prerequisite of .PHONY).
#  Implicit rule search has not been done.
#  File does not exist.
#  File has not been updated.
#  recipe to execute (from 'Makefile', line 478):
	$(MAKE) -f CMakeFiles/SimPascal.dir/build.make CMakeFiles/SimPascal.dir/parser.cpp.i

parser.cpp.o:
#  Phony target (prerequisite of .PHONY).
#  Implicit rule search has not been done.
#  File does not exist.
#  File has not been updated.
#  recipe to execute (from 'Makefile', line 469):
	$(MAKE) -f CMakeFiles/SimPascal.dir/build.make CMakeFiles/SimPascal.dir/parser.cpp.o

VIS/TypeVis.i: VIS/TypeVis.cpp.i
#  Phony target (prerequisite of .PHONY).
#  Implicit rule search has not been done.
#  File does not exist.
#  File has not been updated.

VIS/ProgramVis.i: VIS/ProgramVis.cpp.i
#  Phony target (prerequisite of .PHONY).
#  Implicit rule search has not been done.
#  File does not exist.
#  File has not been updated.

VIS/ProgramVis.o: VIS/ProgramVis.cpp.o
#  Phony target (prerequisite of .PHONY).
#  Implicit rule search has not been done.
#  File does not exist.
#  File has not been updated.

main.s: main.cpp.s
#  Phony target (prerequisite of .PHONY).
#  Implicit rule search has not been done.
#  File does not exist.
#  File has not been updated.

token.s: token.cpp.s
#  Phony target (prerequisite of .PHONY).
#  Implicit rule search has not been done.
#  File does not exist.
#  File has not been updated.

preinstall/fast:
#  Phony target (prerequisite of .PHONY).
#  Implicit rule search has not been done.
#  File does not exist.
#  File has not been updated.
#  recipe to execute (from 'Makefile', line 105):
	$(MAKE) -f CMakeFiles/Makefile2 preinstall

generator/genStmt.cpp.s:
#  Phony target (prerequisite of .PHONY).
#  Implicit rule search has not been done.
#  File does not exist.
#  File has not been updated.
#  recipe to execute (from 'Makefile', line 433):
	$(MAKE) -f CMakeFiles/SimPascal.dir/build.make CMakeFiles/SimPascal.dir/generator/genStmt.cpp.s

generator/genExp.i: generator/genExp.cpp.i
#  Phony target (prerequisite of .PHONY).
#  Implicit rule search has not been done.
#  File does not exist.
#  File has not been updated.

generator/genExp.o: generator/genExp.cpp.o
#  Phony target (prerequisite of .PHONY).
#  Implicit rule search has not been done.
#  File does not exist.
#  File has not been updated.

VIS/NodeVis.cpp.i:
#  Phony target (prerequisite of .PHONY).
#  Implicit rule search has not been done.
#  File does not exist.
#  File has not been updated.
#  recipe to execute (from 'Makefile', line 181):
	$(MAKE) -f CMakeFiles/SimPascal.dir/build.make CMakeFiles/SimPascal.dir/VIS/NodeVis.cpp.i

VIS/NodeVis.cpp.o:
#  Phony target (prerequisite of .PHONY).
#  Implicit rule search has not been done.
#  File does not exist.
#  File has not been updated.
#  recipe to execute (from 'Makefile', line 172):
	$(MAKE) -f CMakeFiles/SimPascal.dir/build.make CMakeFiles/SimPascal.dir/VIS/NodeVis.cpp.o

.SUFFIXES: .hpux_make_needs_suffix_list
#  Implicit rule search has not been done.
#  Modification time never checked.
#  File has not been updated.

VIS/TypeVis.cpp.o:
#  Phony target (prerequisite of .PHONY).
#  Implicit rule search has not been done.
#  File does not exist.
#  File has not been updated.
#  recipe to execute (from 'Makefile', line 253):
	$(MAKE) -f CMakeFiles/SimPascal.dir/build.make CMakeFiles/SimPascal.dir/VIS/TypeVis.cpp.o

generator/genProgram.cpp.s:
#  Phony target (prerequisite of .PHONY).
#  Implicit rule search has not been done.
#  File does not exist.
#  File has not been updated.
#  recipe to execute (from 'Makefile', line 406):
	$(MAKE) -f CMakeFiles/SimPascal.dir/build.make CMakeFiles/SimPascal.dir/generator/genProgram.cpp.s

generator/genFunc.cpp.s:
#  Phony target (prerequisite of .PHONY).
#  Implicit rule search has not been done.
#  File does not exist.
#  File has not been updated.
#  recipe to execute (from 'Makefile', line 379):
	$(MAKE) -f CMakeFiles/SimPascal.dir/build.make CMakeFiles/SimPascal.dir/generator/genFunc.cpp.s

generator/genStmt.i: generator/genStmt.cpp.i
#  Phony target (prerequisite of .PHONY).
#  Implicit rule search has not been done.
#  File does not exist.
#  File has not been updated.

# Not a target:
Makefile:
#  Implicit rule search has been done.
#  Last modified 2022-05-11 14:58:14.068755517
#  File has been updated.
#  Successfully updated.

generator/genStmt.o: generator/genStmt.cpp.o
#  Phony target (prerequisite of .PHONY).
#  Implicit rule search has not been done.
#  File does not exist.
#  File has not been updated.

generator/genConstType.cpp.s:
#  Phony target (prerequisite of .PHONY).
#  Implicit rule search has not been done.
#  File does not exist.
#  File has not been updated.
#  recipe to execute (from 'Makefile', line 325):
	$(MAKE) -f CMakeFiles/SimPascal.dir/build.make CMakeFiles/SimPascal.dir/generator/genConstType.cpp.s

token.cpp.s:
#  Phony target (prerequisite of .PHONY).
#  Implicit rule search has not been done.
#  File does not exist.
#  File has not been updated.
#  recipe to execute (from 'Makefile', line 514):
	$(MAKE) -f CMakeFiles/SimPascal.dir/build.make CMakeFiles/SimPascal.dir/token.cpp.s

intrinsics_gen: cmake_check_build_system
#  Phony target (prerequisite of .PHONY).
#  Implicit rule search has not been done.
#  File does not exist.
#  File has not been updated.
#  recipe to execute (from 'Makefile', line 131):
	$(MAKE) -f CMakeFiles/Makefile2 intrinsics_gen

VIS/ConstVis.cpp.i:
#  Phony target (prerequisite of .PHONY).
#  Implicit rule search has not been done.
#  File does not exist.
#  File has not been updated.
#  recipe to execute (from 'Makefile', line 154):
	$(MAKE) -f CMakeFiles/SimPascal.dir/build.make CMakeFiles/SimPascal.dir/VIS/ConstVis.cpp.i

generator/CodeGenerator.cpp.s:
#  Phony target (prerequisite of .PHONY).
#  Implicit rule search has not been done.
#  File does not exist.
#  File has not been updated.
#  recipe to execute (from 'Makefile', line 298):
	$(MAKE) -f CMakeFiles/SimPascal.dir/build.make CMakeFiles/SimPascal.dir/generator/CodeGenerator.cpp.s

.NOTPARALLEL:
#  Implicit rule search has not been done.
#  Modification time never checked.
#  File has not been updated.

VIS/ConstVis.cpp.o:
#  Phony target (prerequisite of .PHONY).
#  Implicit rule search has not been done.
#  File does not exist.
#  File has not been updated.
#  recipe to execute (from 'Makefile', line 145):
	$(MAKE) -f CMakeFiles/SimPascal.dir/build.make CMakeFiles/SimPascal.dir/VIS/ConstVis.cpp.o

generator/genProgram.i: generator/genProgram.cpp.i
#  Phony target (prerequisite of .PHONY).
#  Implicit rule search has not been done.
#  File does not exist.
#  File has not been updated.

generator/genFunc.i: generator/genFunc.cpp.i
#  Phony target (prerequisite of .PHONY).
#  Implicit rule search has not been done.
#  File does not exist.
#  File has not been updated.

generator/genProgram.o: generator/genProgram.cpp.o
#  Phony target (prerequisite of .PHONY).
#  Implicit rule search has not been done.
#  File does not exist.
#  File has not been updated.

generator/genFunc.o: generator/genFunc.cpp.o
#  Phony target (prerequisite of .PHONY).
#  Implicit rule search has not been done.
#  File does not exist.
#  File has not been updated.

generator/genConstType.i: generator/genConstType.cpp.i
#  Phony target (prerequisite of .PHONY).
#  Implicit rule search has not been done.
#  File does not exist.
#  File has not been updated.

generator/genConstType.o: generator/genConstType.cpp.o
#  Phony target (prerequisite of .PHONY).
#  Implicit rule search has not been done.
#  File does not exist.
#  File has not been updated.

clean/fast: clean
#  Phony target (prerequisite of .PHONY).
#  Implicit rule search has not been done.
#  File does not exist.
#  File has not been updated.

main.cpp.i:
 
#  Phony target (prerequisite of .PHONY).
#  Implicit rule search has not been done.
#  File does not exist.
#  File has not been updated.
#  recipe to execute (from 'Makefile', line 451):
	$(MAKE) -f CMakeFiles/SimPascal.dir/build.make CMakeFiles/SimPascal.dir/main.cpp.i

main.cpp.o:
#  Phony target (prerequisite of .PHONY).
#  Implicit rule search has not been done.
#  File does not exist.
#  File has not been updated.
#  recipe to execute (from 'Makefile', line 442):
	$(MAKE) -f CMakeFiles/SimPascal.dir/build.make CMakeFiles/SimPascal.dir/main.cpp.o

generator/CodeGenerator.i: generator/CodeGenerator.cpp.i
#  Phony target (prerequisite of .PHONY).
#  Implicit rule search has not been done.
#  File does not exist.
#  File has not been updated.

generator/CodeGenerator.o: generator/CodeGenerator.cpp.o
#  Phony target (prerequisite of .PHONY).
#  Implicit rule search has not been done.
#  File does not exist.
#  File has not been updated.

SimPascal/fast:
#  Phony target (prerequisite of .PHONY).
#  Implicit rule search has not been done.
#  File does not exist.
#  File has not been updated.
#  recipe to execute (from 'Makefile', line 123):
	$(MAKE) -f CMakeFiles/SimPascal.dir/build.make CMakeFiles/SimPascal.dir/build

cmake_check_build_system:
#  Phony target (prerequisite of .PHONY).
#  Implicit rule search has not been done.
#  Implicit/static pattern stem: ''
#  File does not exist.
#  File has been updated.
#  Needs to be updated (-q is set).
# automatic
# @ := cmake_check_build_system
# automatic
# % := 
# automatic
# * := 
# automatic
# + := 
# automatic
# | := 
# automatic
# < := 
# automatic
# ^ := 
# automatic
# ? := 
# variable set hash-table stats:
# Load=8/32=25%, Rehash=0, Collisions=3/14=21%
#  recipe to execute (from 'Makefile', line 580):
	$(CMAKE_COMMAND) -S$(CMAKE_SOURCE_DIR) -B$(CMAKE_BINARY_DIR) --check-build-system CMakeFiles/Makefile.cmake 0

token.i: token.cpp.i
#  Phony target (prerequisite of .PHONY).
#  Implicit rule search has not been done.
#  File does not exist.
#  File has not been updated.

token.o: token.cpp.o
#  Phony target (prerequisite of .PHONY).
#  Implicit rule search has not been done.
#  File does not exist.
#  File has not been updated.

help:
#  Phony target (prerequisite of .PHONY).
#  Implicit rule search has not been done.
#  File does not exist.
#  File has not been updated.
#  recipe to execute (from 'Makefile', line 519):
	@echo "The following are some of the valid targets for this Makefile:"
	@echo "... all (the default if no target is provided)"
	@echo "... clean"
	@echo "... depend"
	@echo "... rebuild_cache"
	@echo "... edit_cache"
	@echo "... SimPascal"
	@echo "... intrinsics_gen"
	@echo "... VIS/ConstVis.o"
	@echo "... VIS/ConstVis.i"
	@echo "... VIS/ConstVis.s"
	@echo "... VIS/NodeVis.o"
	@echo "... VIS/NodeVis.i"
	@echo "... VIS/NodeVis.s"
	@echo "... VIS/ProgramVis.o"
	@echo "... VIS/ProgramVis.i"
	@echo "... VIS/ProgramVis.s"
	@echo "... VIS/StmtVis.o"
	@echo "... VIS/StmtVis.i"
	@echo "... VIS/StmtVis.s"
	@echo "... VIS/TypeVis.o"
	@echo "... VIS/TypeVis.i"
	@echo "... VIS/TypeVis.s"
	@echo "... generator/CodeGenerator.o"
	@echo "... generator/CodeGenerator.i"
	@echo "... generator/CodeGenerator.s"
	@echo "... generator/genConstType.o"
	@echo "... generator/genConstType.i"
	@echo "... generator/genConstType.s"
	@echo "... generator/genExp.o"
	@echo "... generator/genExp.i"
	@echo "... generator/genExp.s"
	@echo "... generator/genFunc.o"
	@echo "... generator/genFunc.i"
	@echo "... generator/genFunc.s"
	@echo "... generator/genProgram.o"
	@echo "... generator/genProgram.i"
	@echo "... generator/genProgram.s"
	@echo "... generator/genStmt.o"
	@echo "... generator/genStmt.i"
	@echo "... generator/genStmt.s"
	@echo "... main.o"
	@echo "... main.i"
	@echo "... main.s"
	@echo "... parser.o"
	@echo "... parser.i"
	@echo "... parser.s"
	@echo "... token.o"
	@echo "... token.i"
	@echo "... token.s"

VIS/StmtVis.s: VIS/StmtVis.cpp.s
#  Phony target (prerequisite of .PHONY).
#  Implicit rule search has not been done.
#  File does not exist.
#  File has not been updated.

preinstall: all
#  Phony target (prerequisite of .PHONY).
#  Implicit rule search has not been done.
#  File does not exist.
#  File has not been updated.
#  recipe to execute (from 'Makefile', line 100):
	$(MAKE) -f CMakeFiles/Makefile2 preinstall

generator/genExp.cpp.s:
#  Phony target (prerequisite of .PHONY).
#  Implicit rule search has not been done.
#  File does not exist.
#  File has not been updated.
#  recipe to execute (from 'Makefile', line 352):
	$(MAKE) -f CMakeFiles/SimPascal.dir/build.make CMakeFiles/SimPascal.dir/generator/genExp.cpp.s

parser.cpp.s:
#  Phony target (prerequisite of .PHONY).
#  Implicit rule search has not been done.
#  File does not exist.
#  File has not been updated.
#  recipe to execute (from 'Makefile', line 487):
	$(MAKE) -f CMakeFiles/SimPascal.dir/build.make CMakeFiles/SimPascal.dir/parser.cpp.s

VIS/TypeVis.s: VIS/TypeVis.cpp.s
#  Phony target (prerequisite of .PHONY).
#  Implicit rule search has not been done.
#  File does not exist.
#  File has not been updated.

VIS/ProgramVis.s: VIS/ProgramVis.cpp.s
#  Phony target (prerequisite of .PHONY).
#  Implicit rule search has not been done.
#  File does not exist.
#  File has not been updated.

.SILENT:
#  Implicit rule search has not been done.
#  Modification time never checked.
#  File has not been updated.

depend:
#  Phony target (prerequisite of .PHONY).
#  Implicit rule search has not been done.
#  File does not exist.
#  File has not been updated.
#  recipe to execute (from 'Makefile', line 110):
	$(CMAKE_COMMAND) -S$(CMAKE_SOURCE_DIR) -B$(CMAKE_BINARY_DIR) --check-build-system CMakeFiles/Makefile.cmake 1

parser.i: parser.cpp.i
#  Phony target (prerequisite of .PHONY).
#  Implicit rule search has not been done.
#  File does not exist.
#  File has not been updated.

parser.o: parser.cpp.o
#  Phony target (prerequisite of .PHONY).
#  Implicit rule search has not been done.
#  File does not exist.
#  File has not been updated.

generator/genExp.s: generator/genExp.cpp.s
#  Phony target (prerequisite of .PHONY).
#  Implicit rule search has not been done.
#  File does not exist.
#  File has not been updated.

# Not a target:
.DEFAULT:
#  Implicit rule search has not been done.
#  Modification time never checked.
#  File has not been updated.

VIS/NodeVis.cpp.s:
#  Phony target (prerequisite of .PHONY).
#  Implicit rule search has not been done.
#  File does not exist.
#  File has not been updated.
#  recipe to execute (from 'Makefile', line 190):
	$(MAKE) -f CMakeFiles/SimPascal.dir/build.make CMakeFiles/SimPascal.dir/VIS/NodeVis.cpp.s

default_target: all
#  Phony target (prerequisite of .PHONY).
#  Implicit rule search has not been done.
#  File does not exist.
#  File has not been updated.

generator/genStmt.s: generator/genStmt.cpp.s
#  Phony target (prerequisite of .PHONY).
#  Implicit rule search has not been done.
#  File does not exist.
#  File has not been updated.

VIS/NodeVis.i: VIS/NodeVis.cpp.i
#  Phony target (prerequisite of .PHONY).
#  Implicit rule search has not been done.
#  File does not exist.
#  File has not been updated.

VIS/NodeVis.o: VIS/NodeVis.cpp.o
#  Phony target (prerequisite of .PHONY).
#  Implicit rule search has not been done.
#  File does not exist.
#  File has not been updated.

VIS/StmtVis.cpp.i:
#  Phony target (prerequisite of .PHONY).
#  Implicit rule search has not been done.
#  File does not exist.
#  File has not been updated.
#  recipe to execute (from 'Makefile', line 235):
	$(MAKE) -f CMakeFiles/SimPascal.dir/build.make CMakeFiles/SimPascal.dir/VIS/StmtVis.cpp.i

clean:
#  Phony target (prerequisite of .PHONY).
#  Implicit rule search has not been done.
#  File does not exist.
#  File has not been updated.
#  recipe to execute (from 'Makefile', line 90):
	$(MAKE) -f CMakeFiles/Makefile2 clean

VIS/StmtVis.cpp.o:
#  Phony target (prerequisite of .PHONY).
#  Implicit rule search has not been done.
#  File does not exist.
#  File has not been updated.
#  recipe to execute (from 'Makefile', line 226):
	$(MAKE) -f CMakeFiles/SimPascal.dir/build.make CMakeFiles/SimPascal.dir/VIS/StmtVis.cpp.o

VIS/ConstVis.cpp.s:
#  Phony target (prerequisite of .PHONY).
#  Implicit rule search has not been done.
#  File does not exist.
#  File has not been updated.
#  recipe to execute (from 'Makefile', line 163):
	$(MAKE) -f CMakeFiles/SimPascal.dir/build.make CMakeFiles/SimPascal.dir/VIS/ConstVis.cpp.s

rebuild_cache/fast: rebuild_cache
#  Phony target (prerequisite of .PHONY).
#  Implicit rule search has not been done.
#  File does not exist.
 
#  File has not been updated.

generator/genProgram.s: generator/genProgram.cpp.s
#  Phony target (prerequisite of .PHONY).
#  Implicit rule search has not been done.
#  File does not exist.
#  File has not been updated.

generator/genFunc.s: generator/genFunc.cpp.s
#  Phony target (prerequisite of .PHONY).
#  Implicit rule search has not been done.
#  File does not exist.
#  File has not been updated.

edit_cache/fast: edit_cache
#  Phony target (prerequisite of .PHONY).
#  Implicit rule search has not been done.
#  File does not exist.
#  File has not been updated.

SimPascal: cmake_check_build_system
#  Phony target (prerequisite of .PHONY).
#  Implicit rule search has not been done.
#  File does not exist.
#  File has not been updated.
#  recipe to execute (from 'Makefile', line 118):
	$(MAKE) -f CMakeFiles/Makefile2 SimPascal

VIS/TypeVis.cpp.i:
#  Phony target (prerequisite of .PHONY).
#  Implicit rule search has not been done.
#  File does not exist.
#  File has not been updated.
#  recipe to execute (from 'Makefile', line 262):
	$(MAKE) -f CMakeFiles/SimPascal.dir/build.make CMakeFiles/SimPascal.dir/VIS/TypeVis.cpp.i

VIS/ProgramVis.cpp.i:
#  Phony target (prerequisite of .PHONY).
#  Implicit rule search has not been done.
#  File does not exist.
#  File has not been updated.
#  recipe to execute (from 'Makefile', line 208):
	$(MAKE) -f CMakeFiles/SimPascal.dir/build.make CMakeFiles/SimPascal.dir/VIS/ProgramVis.cpp.i

generator/genConstType.s: generator/genConstType.cpp.s
#  Phony target (prerequisite of .PHONY).
#  Implicit rule search has not been done.
#  File does not exist.
#  File has not been updated.

VIS/ProgramVis.cpp.o:
#  Phony target (prerequisite of .PHONY).
#  Implicit rule search has not been done.
#  File does not exist.
#  File has not been updated.
#  recipe to execute (from 'Makefile', line 199):
	$(MAKE) -f CMakeFiles/SimPascal.dir/build.make CMakeFiles/SimPascal.dir/VIS/ProgramVis.cpp.o

main.cpp.s:
#  Phony target (prerequisite of .PHONY).
#  Implicit rule search has not been done.
#  File does not exist.
#  File has not been updated.
#  recipe to execute (from 'Makefile', line 460):
	$(MAKE) -f CMakeFiles/SimPascal.dir/build.make CMakeFiles/SimPascal.dir/main.cpp.s

VIS/ConstVis.i: VIS/ConstVis.cpp.i
#  Phony target (prerequisite of .PHONY).
#  Implicit rule search has not been done.
#  File does not exist.
#  File has not been updated.

generator/CodeGenerator.s: generator/CodeGenerator.cpp.s
#  Phony target (prerequisite of .PHONY).
#  Implicit rule search has not been done.
#  File does not exist.
#  File has not been updated.

VIS/ConstVis.o: VIS/ConstVis.cpp.o
#  Phony target (prerequisite of .PHONY).
#  Implicit rule search has not been done.
#  File does not exist.
#  File has not been updated.

generator/genExp.cpp.i:
#  Phony target (prerequisite of .PHONY).
#  Implicit rule search has not been done.
#  File does not exist.
#  File has not been updated.
#  recipe to execute (from 'Makefile', line 343):
	$(MAKE) -f CMakeFiles/SimPascal.dir/build.make CMakeFiles/SimPascal.dir/generator/genExp.cpp.i

generator/genExp.cpp.o:
#  Phony target (prerequisite of .PHONY).
#  Implicit rule search has not been done.
#  File does not exist.
#  File has not been updated.
#  recipe to execute (from 'Makefile', line 334):
	$(MAKE) -f CMakeFiles/SimPascal.dir/build.make CMakeFiles/SimPascal.dir/generator/genExp.cpp.o

main.i: main.cpp.i
#  Phony target (prerequisite of .PHONY).
#  Implicit rule search has not been done.
#  File does not exist.
#  File has not been updated.

main.o: main.cpp.o
#  Phony target (prerequisite of .PHONY).
#  Implicit rule search has not been done.
#  File does not exist.
#  File has not been updated.

generator/genStmt.cpp.i:
#  Phony target (prerequisite of .PHONY).
#  Implicit rule search has not been done.
#  File does not exist.
#  File has not been updated.
#  recipe to execute (from 'Makefile', line 424):
	$(MAKE) -f CMakeFiles/SimPascal.dir/build.make CMakeFiles/SimPascal.dir/generator/genStmt.cpp.i

generator/genStmt.cpp.o:
#  Phony target (prerequisite of .PHONY).
#  Implicit rule search has not been done.
#  File does not exist.
#  File has not been updated.
#  recipe to execute (from 'Makefile', line 415):
	$(MAKE) -f CMakeFiles/SimPascal.dir/build.make CMakeFiles/SimPascal.dir/generator/genStmt.cpp.o

# Not a target:
.hpux_make_needs_suffix_list:
#  Implicit rule search has not been done.
#  Modification time never checked.
#  File has not been updated.

generator/genProgram.cpp.i:
#  Phony target (prerequisite of .PHONY).
#  Implicit rule search has not been done.
#  File does not exist.
#  File has not been updated.
#  recipe to execute (from 'Makefile', line 397):
	$(MAKE) -f CMakeFiles/SimPascal.dir/build.make CMakeFiles/SimPascal.dir/generator/genProgram.cpp.i

generator/genFunc.cpp.i:
#  Phony target (prerequisite of .PHONY).
#  Implicit rule search has not been done.
#  File does not exist.
#  File has not been updated.
#  recipe to execute (from 'Makefile', line 370):
	$(MAKE) -f CMakeFiles/SimPascal.dir/build.make CMakeFiles/SimPascal.dir/generator/genFunc.cpp.i

generator/genProgram.cpp.o:
#  Phony target (prerequisite of .PHONY).
#  Implicit rule search has not been done.
#  File does not exist.
#  File has not been updated.
#  recipe to execute (from 'Makefile', line 388):
	$(MAKE) -f CMakeFiles/SimPascal.dir/build.make CMakeFiles/SimPascal.dir/generator/genProgram.cpp.o

generator/genFunc.cpp.o:
#  Phony target (prerequisite of .PHONY).
#  Implicit rule search has not been done.
#  File does not exist.
#  File has not been updated.
#  recipe to execute (from 'Makefile', line 361):
	$(MAKE) -f CMakeFiles/SimPascal.dir/build.make CMakeFiles/SimPascal.dir/generator/genFunc.cpp.o

generator/genConstType.cpp.i:
#  Phony target (prerequisite of .PHONY).
#  Implicit rule search has not been done.
#  File does not exist.
#  File has not been updated.
#  recipe to execute (from 'Makefile', line 316):
	$(MAKE) -f CMakeFiles/SimPascal.dir/build.make CMakeFiles/SimPascal.dir/generator/genConstType.cpp.i

generator/genConstType.cpp.o:
#  Phony target (prerequisite of .PHONY).
#  Implicit rule search has not been done.
#  File does not exist.
#  File has not been updated.
#  recipe to execute (from 'Makefile', line 307):
	$(MAKE) -f CMakeFiles/SimPascal.dir/build.make CMakeFiles/SimPascal.dir/generator/genConstType.cpp.o

parser.s: parser.cpp.s
#  Phony target (prerequisite of .PHONY).
#  Implicit rule search has not been done.
#  File does not exist.
#  File has not been updated.

generator/CodeGenerator.cpp.i:
#  Phony target (prerequisite of .PHONY).
#  Implicit rule search has not been done.
#  File does not exist.
#  File has not been updated.
#  recipe to execute (from 'Makefile', line 289):
	$(MAKE) -f CMakeFiles/SimPascal.dir/build.make CMakeFiles/SimPascal.dir/generator/CodeGenerator.cpp.i

generator/CodeGenerator.cpp.o:
#  Phony target (prerequisite of .PHONY).
#  Implicit rule search has not been done.
#  File does not exist.
#  File has not been updated.
#  recipe to execute (from 'Makefile', line 280):
	$(MAKE) -f CMakeFiles/SimPascal.dir/build.make CMakeFiles/SimPascal.dir/generator/CodeGenerator.cpp.o

rebuild_cache:
#  Phony target (prerequisite of .PHONY).
#  Implicit rule search has not been done.
#  File does not exist.
#  File has not been updated.
#  recipe to execute (from 'Makefile', line 61):
	@$(CMAKE_COMMAND) -E cmake_echo_color --switch=$(COLOR) --cyan "Running CMake to regenerate build system..."
	/usr/bin/cmake -S$(CMAKE_SOURCE_DIR) -B$(CMAKE_BINARY_DIR)

# files hash-table stats:
# Load=109/1024=11%, Rehash=0, Collisions=21/420=5%
# VPATH Search Paths

# No 'vpath' search paths.

# No general ('VPATH' variable) search path.

# strcache buffers: 1 (0) / strings = 136 / storage = 2124 B / avg = 15 B
# current buf: size = 8162 B / used = 2124 B / count = 136 / avg = 15 B

# strcache performance: lookups = 605 / hit rate = 77%
# hash-table stats:
# Load=136/8192=2%, Rehash=0, Collisions=12/605=2%
# Finished Make data base on Wed May 11 16:23:04 2022

 
